[17:27:17] [ServerMain/INFO]: Environment: authHost='https://authserver.mojang.com', accountsHost='https://api.mojang.com', sessionHost='https://sessionserver.mojang.com', servicesHost='https://api.minecraftservices.com', name='PROD'
[17:27:18] [ServerMain/INFO]: Loaded 7 recipes
[17:27:18] [Server thread/INFO]: Starting minecraft server version 1.20
[17:27:18] [Server thread/INFO]: Loading properties
[17:27:19] [Server thread/INFO]: This server is running Paper version git-Paper-17 (MC: 1.20) (Implementing API version 1.20-R0.1-SNAPSHOT) (Git: c287e92)
[17:27:19] [Server thread/INFO]: Server Ping Player Sample Count: 12
[17:27:19] [Server thread/INFO]: Using 4 threads for Netty based IO
[17:27:19] [Server thread/WARN]: [!] The timings profiler has been enabled but has been scheduled for removal from Paper in the future.
    We recommend installing the spark profiler as a replacement: https://spark.lucko.me/
    For more information please visit: https://github.com/PaperMC/Paper/issues/8948
[17:27:19] [Server thread/INFO]: [ChunkTaskScheduler] Chunk system is using 1 I/O threads, 1 worker threads, and gen parallelism of 1 threads
[17:27:19] [Server thread/INFO]: Default game type: SURVIVAL
[17:27:19] [Server thread/INFO]: Generating keypair
[17:27:19] [Server thread/INFO]: Starting Minecraft server on *:25565
[17:27:19] [Server thread/INFO]: Using epoll channel type
[17:27:19] [Server thread/INFO]: Paper: Using libdeflate (Linux x86_64) compression from Velocity.
[17:27:19] [Server thread/INFO]: Paper: Using OpenSSL 1.1.x (Linux x86_64) cipher from Velocity.
[17:27:19] [Server thread/INFO]: Server permissions file permissions.yml is empty, ignoring it
[17:27:19] [Server thread/WARN]: **** SERVER IS RUNNING IN OFFLINE/INSECURE MODE!
[17:27:19] [Server thread/WARN]: The server will make no attempt to authenticate usernames. Beware.
[17:27:19] [Server thread/WARN]: While this makes the game possible to play without internet access, it also opens up the ability for hackers to connect with any username they choose.
[17:27:19] [Server thread/WARN]: To change this, set "online-mode" to "true" in the server.properties file.
[17:27:19] [Server thread/INFO]: Preparing level "world"
[17:27:19] [Server thread/INFO]: Preparing start region for dimension minecraft:overworld
[17:27:20] [Server thread/INFO]: Time elapsed: 193 ms
[17:27:20] [Server thread/INFO]: Preparing start region for dimension minecraft:the_nether
[17:27:20] [Server thread/INFO]: Time elapsed: 59 ms
[17:27:20] [Server thread/INFO]: Preparing start region for dimension minecraft:the_end
[17:27:20] [Server thread/INFO]: Time elapsed: 73 ms
[17:27:20] [Server thread/INFO]: Running delayed init tasks
[17:27:20] [Server thread/INFO]: Done (1.419s)! For help, type "help"
[17:27:20] [Server thread/INFO]: Timings Reset
[17:31:09] [User Authenticator #0/INFO]: UUID of player tizianovdz__ is 21e95d2b-3ea9-34d1-af48-9ea13cd247d4
[17:31:12] [Server thread/INFO]: tizianovdz__ joined the game
[17:31:12] [Server thread/INFO]: tizianovdz__[/127.110.130.87:36679] logged in with entity id 120 at ([world]-43.69999998807907, 69.0, -6.699999988079071)
[17:34:25] [Server thread/INFO]: tizianovdz__ was slain by Zombie
